[04-Aug-2011 00:57:26] lastQuery: SELECT id
FROM (rd_room_addresses)
WHERE `lat` = '37.5706994'
AND `lng` = '126.92714790000002'
[04-Aug-2011 01:00:28] lastQuery: SELECT id
FROM (rd_room_addresses)
WHERE `lat` = 37.5707
AND `lng` = 126.9271
[04-Aug-2011 01:04:46] lastQuery: INSERT IGNORE INTO rd_room_addresses (`apt`, `formatted_address_native`, `lat`, `lng`, `address`, `lat_fuzzy`, `lng_fuzzy`) VALUES ('', '대한민국 서울특별시 서대문구 연희동 112-3', 37.5707, 126.9271, 'Yeonhui-dong, Seodaemun-gu, Seoul, South Korea', 37.570965665117, 126.92492532715)
[04-Aug-2011 01:08:16] insert_id: 0
[04-Aug-2011 01:13:35] PHP Fatal error:  Call to a member function delete_temp_info() on a non-object in /home/guersam/www/rdirect/application/controllers/rooms.php on line 230
[04-Aug-2011 01:43:44] haha
[04-Aug-2011 01:47:12] haha
[04-Aug-2011 01:47:12] name : 
[04-Aug-2011 01:47:12] sig : 
[04-Aug-2011 01:47:12] action : 
[04-Aug-2011 01:47:12] new_hosting : 
[04-Aug-2011 01:47:12] id : 
[04-Aug-2011 01:47:12] prompt : 
[04-Aug-2011 01:47:12] controller : 
[04-Aug-2011 01:47:56] haha
[04-Aug-2011 01:47:56] auth_other -> name : 
[04-Aug-2011 01:47:56] auth_other -> sig : 
[04-Aug-2011 01:47:56] auth_other -> action : 
[04-Aug-2011 01:47:56] auth_other -> new_hosting : 
[04-Aug-2011 01:47:56] auth_other -> id : 
[04-Aug-2011 01:47:56] auth_other -> prompt : 
[04-Aug-2011 01:47:56] auth_other -> controller : 
[04-Aug-2011 01:49:38] haha
[04-Aug-2011 01:49:38] auth_other -> name : 11
[04-Aug-2011 01:49:38] auth_other -> sig : 499b95eea599df1950b335b8b4e3ea8b
[04-Aug-2011 01:49:38] auth_other -> action : set_user
[04-Aug-2011 01:49:38] auth_other -> new_hosting : 1
[04-Aug-2011 01:49:38] auth_other -> id : 5
[04-Aug-2011 01:49:38] auth_other -> prompt : new_listing
[04-Aug-2011 01:49:38] auth_other -> controller : rooms
[04-Aug-2011 01:50:56] Redirect: called by_handle_redirect : rooms/set_user/6?sig=499b95eea599df1950b335b8b4e3ea8b&new_hosting=1
[04-Aug-2011 01:51:39] haha
[04-Aug-2011 01:51:39] auth_other -> name : a
[04-Aug-2011 01:51:39] auth_other -> sig : 499b95eea599df1950b335b8b4e3ea8b
[04-Aug-2011 01:51:39] auth_other -> action : set_user
[04-Aug-2011 01:51:39] auth_other -> new_hosting : 1
[04-Aug-2011 01:51:39] auth_other -> id : 6
[04-Aug-2011 01:51:39] auth_other -> prompt : new_listing
[04-Aug-2011 01:51:39] auth_other -> controller : rooms
[04-Aug-2011 01:55:22] Redirect: called by / : rooms/set_user/8?sig=499b95eea599df1950b335b8b4e3ea8b&new_hosting=1
[04-Aug-2011 01:55:24] haha
[04-Aug-2011 01:55:24] auth_other -> name : asdf
[04-Aug-2011 01:55:24] auth_other -> sig : 499b95eea599df1950b335b8b4e3ea8b
[04-Aug-2011 01:55:24] auth_other -> action : set_user
[04-Aug-2011 01:55:24] auth_other -> new_hosting : 1
[04-Aug-2011 01:55:24] auth_other -> id : 8
[04-Aug-2011 01:55:24] auth_other -> prompt : new_listing
[04-Aug-2011 01:55:24] auth_other -> controller : rooms
[04-Aug-2011 01:55:28] Redirect: called by / : rooms/set_user/8?name=asdf&sig=499b95eea599df1950b335b8b4e3ea8b&new_hosting=1&prompt=new_listing
[04-Aug-2011 02:00:23] PHP Fatal error:  Call to undefined function radians() in /home/guersam/www/rdirect/application/controllers/search.php on line 25
[04-Aug-2011 19:33:24] PHP Fatal error:  Call to undefined function radians() in /home/guersam/www/rdirect/application/controllers/search.php on line 32
[04-Aug-2011 19:35:24] PHP Fatal error:  Call to undefined function radians() in /home/guersam/www/rdirect/application/controllers/search.php on line 34
[04-Aug-2011 20:12:15] PHP Fatal error:  Call to undefined function radians() in /home/guersam/www/rdirect/application/controllers/search.php on line 44
[04-Aug-2011 20:31:41] PHP Fatal error:  Call to undefined function radians() in /home/guersam/www/rdirect/application/controllers/search.php on line 44
[04-Aug-2011 20:31:54] PHP Fatal error:  Call to undefined function radians() in /home/guersam/www/rdirect/application/controllers/search.php on line 44
